2025-11-02 02:23:38,780 - INFO - Starting scheduled documentation sync
2025-11-02 02:23:38,875 - INFO - Successfully synced from inheritance base
2025-11-02 02:23:38,913 - INFO - Successfully synced between worktrees
2025-11-02 02:23:38,924 - WARNING - Error processing backup file /home/masum/github/EmailIntelligenceAuto/worktrees/docs-main/docs/common/docs/actionable_insights.md.backup_20251102_021922: time data '021922' does not match format '%Y%m%d_%H%M%S'
2025-11-02 02:23:38,925 - WARNING - Error processing backup file /home/masum/github/EmailIntelligenceAuto/worktrees/docs-scientific/docs/common/docs/actionable_insights.md.backup_20251102_021922: time data '021922' does not match format '%Y%m%d_%H%M%S'
2025-11-02 02:23:38,929 - INFO - Scheduled sync completed successfully
2025-11-02 02:32:22,115 - INFO - Starting scheduled documentation sync
2025-11-02 02:32:22,200 - INFO - Successfully synced from inheritance base
2025-11-02 02:32:22,232 - INFO - Successfully synced between worktrees
2025-11-02 02:32:22,232 - WARNING - Error processing backup file /home/masum/github/EmailIntelligenceAuto/worktrees/docs-main/docs/common/docs/actionable_insights.md.backup_20251102_021922: Unexpected timestamp format: 021922
2025-11-02 02:32:22,233 - WARNING - Error processing backup file /home/masum/github/EmailIntelligenceAuto/worktrees/docs-scientific/docs/common/docs/actionable_insights.md.backup_20251102_021922: Unexpected timestamp format: 021922
2025-11-02 02:32:22,237 - INFO - Scheduled sync completed successfully
2025-11-02 02:33:40,718 - INFO - Starting scheduled documentation sync
2025-11-02 02:33:40,773 - INFO - Successfully synced from inheritance base
2025-11-02 02:33:40,804 - INFO - Successfully synced between worktrees
2025-11-02 02:33:40,806 - WARNING - Error processing backup file /home/masum/github/EmailIntelligenceAuto/worktrees/docs-main/docs/common/docs/actionable_insights.md.backup_20251102_021922: Unexpected timestamp format: 021922
2025-11-02 02:33:40,806 - WARNING - Error processing backup file /home/masum/github/EmailIntelligenceAuto/worktrees/docs-main/docs/common/docs/worktree-documentation-system.md.backup_20251102_023340: Unexpected timestamp format: 023340
2025-11-02 02:33:40,807 - WARNING - Error processing backup file /home/masum/github/EmailIntelligenceAuto/worktrees/docs-scientific/docs/common/docs/actionable_insights.md.backup_20251102_021922: Unexpected timestamp format: 021922
2025-11-02 02:33:40,807 - WARNING - Error processing backup file /home/masum/github/EmailIntelligenceAuto/worktrees/docs-scientific/docs/common/docs/worktree-documentation-system.md.backup_20251102_023340: Unexpected timestamp format: 023340
2025-11-02 02:33:40,810 - INFO - Scheduled sync completed successfully
2025-11-02 02:45:39,463 - INFO - Starting scheduled documentation sync
2025-11-02 02:45:39,829 - INFO - Successfully synced from inheritance base
2025-11-02 02:45:39,950 - INFO - Successfully synced between worktrees
2025-11-02 02:45:39,973 - WARNING - Error processing backup file /home/masum/github/EmailIntelligenceAuto/worktrees/docs-main/docs/common/docs/BRANCH_CLEANUP_SUMMARY.md.backup_20251102_024539: Unexpected timestamp format: 024539
2025-11-02 02:45:39,974 - WARNING - Error processing backup file /home/masum/github/EmailIntelligenceAuto/worktrees/docs-main/docs/common/docs/actionable_insights.md.backup_20251102_021922: Unexpected timestamp format: 021922
2025-11-02 02:45:39,974 - WARNING - Error processing backup file /home/masum/github/EmailIntelligenceAuto/worktrees/docs-main/docs/common/docs/BRANCH_DELETION_RECOMMENDATIONS.md.backup_20251102_024539: Unexpected timestamp format: 024539
2025-11-02 02:45:39,974 - WARNING - Error processing backup file /home/masum/github/EmailIntelligenceAuto/worktrees/docs-main/docs/common/docs/worktree-documentation-system.md.backup_20251102_023340: Unexpected timestamp format: 023340
2025-11-02 02:45:39,978 - WARNING - Error processing backup file /home/masum/github/EmailIntelligenceAuto/worktrees/docs-scientific/docs/common/docs/BRANCH_CLEANUP_SUMMARY.md.backup_20251102_024539: Unexpected timestamp format: 024539
2025-11-02 02:45:39,978 - WARNING - Error processing backup file /home/masum/github/EmailIntelligenceAuto/worktrees/docs-scientific/docs/common/docs/actionable_insights.md.backup_20251102_021922: Unexpected timestamp format: 021922
2025-11-02 02:45:39,979 - WARNING - Error processing backup file /home/masum/github/EmailIntelligenceAuto/worktrees/docs-scientific/docs/common/docs/BRANCH_DELETION_RECOMMENDATIONS.md.backup_20251102_024539: Unexpected timestamp format: 024539
2025-11-02 02:45:39,979 - WARNING - Error processing backup file /home/masum/github/EmailIntelligenceAuto/worktrees/docs-scientific/docs/common/docs/worktree-documentation-system.md.backup_20251102_023340: Unexpected timestamp format: 023340
2025-11-02 02:45:40,005 - INFO - Scheduled sync completed successfully
2025-11-02 02:49:40,246 - INFO - Starting scheduled documentation sync
2025-11-02 02:49:40,326 - INFO - Successfully synced from inheritance base
2025-11-02 02:49:40,347 - INFO - Successfully synced between worktrees
2025-11-02 02:49:40,348 - WARNING - Error processing backup file /home/masum/github/EmailIntelligenceAuto/worktrees/docs-main/docs/common/docs/BRANCH_CLEANUP_SUMMARY.md.backup_20251102_024539: Unexpected timestamp format: 024539
2025-11-02 02:49:40,348 - WARNING - Error processing backup file /home/masum/github/EmailIntelligenceAuto/worktrees/docs-main/docs/common/docs/actionable_insights.md.backup_20251102_021922: Unexpected timestamp format: 021922
2025-11-02 02:49:40,349 - WARNING - Error processing backup file /home/masum/github/EmailIntelligenceAuto/worktrees/docs-main/docs/common/docs/BRANCH_DELETION_RECOMMENDATIONS.md.backup_20251102_024539: Unexpected timestamp format: 024539
2025-11-02 02:49:40,349 - WARNING - Error processing backup file /home/masum/github/EmailIntelligenceAuto/worktrees/docs-main/docs/common/docs/worktree-documentation-system.md.backup_20251102_023340: Unexpected timestamp format: 023340
2025-11-02 02:49:40,349 - WARNING - Error processing backup file /home/masum/github/EmailIntelligenceAuto/worktrees/docs-scientific/docs/common/docs/BRANCH_CLEANUP_SUMMARY.md.backup_20251102_024539: Unexpected timestamp format: 024539
2025-11-02 02:49:40,349 - WARNING - Error processing backup file /home/masum/github/EmailIntelligenceAuto/worktrees/docs-scientific/docs/common/docs/actionable_insights.md.backup_20251102_021922: Unexpected timestamp format: 021922
2025-11-02 02:49:40,350 - WARNING - Error processing backup file /home/masum/github/EmailIntelligenceAuto/worktrees/docs-scientific/docs/common/docs/BRANCH_DELETION_RECOMMENDATIONS.md.backup_20251102_024539: Unexpected timestamp format: 024539
2025-11-02 02:49:40,350 - WARNING - Error processing backup file /home/masum/github/EmailIntelligenceAuto/worktrees/docs-scientific/docs/common/docs/worktree-documentation-system.md.backup_20251102_023340: Unexpected timestamp format: 023340
2025-11-02 02:49:40,352 - INFO - Scheduled sync completed successfully
2025-11-02 03:11:36,543 - INFO - Starting scheduled documentation sync
2025-11-02 03:11:36,684 - INFO - Successfully synced from inheritance base
2025-11-02 03:11:36,725 - INFO - Successfully synced between worktrees
2025-11-02 03:11:36,726 - WARNING - Error processing backup file /home/masum/github/EmailIntelligenceAuto/worktrees/docs-main/docs/common/docs/BRANCH_CLEANUP_SUMMARY.md.backup_20251102_024539: Unexpected timestamp format: 024539
2025-11-02 03:11:36,726 - WARNING - Error processing backup file /home/masum/github/EmailIntelligenceAuto/worktrees/docs-main/docs/common/docs/actionable_insights.md.backup_20251102_021922: Unexpected timestamp format: 021922
2025-11-02 03:11:36,726 - WARNING - Error processing backup file /home/masum/github/EmailIntelligenceAuto/worktrees/docs-main/docs/common/docs/BRANCH_DELETION_RECOMMENDATIONS.md.backup_20251102_024539: Unexpected timestamp format: 024539
2025-11-02 03:11:36,726 - WARNING - Error processing backup file /home/masum/github/EmailIntelligenceAuto/worktrees/docs-main/docs/common/docs/worktree-documentation-system.md.backup_20251102_023340: Unexpected timestamp format: 023340
2025-11-02 03:11:36,727 - WARNING - Error processing backup file /home/masum/github/EmailIntelligenceAuto/worktrees/docs-scientific/docs/common/docs/BRANCH_CLEANUP_SUMMARY.md.backup_20251102_024539: Unexpected timestamp format: 024539
2025-11-02 03:11:36,727 - WARNING - Error processing backup file /home/masum/github/EmailIntelligenceAuto/worktrees/docs-scientific/docs/common/docs/actionable_insights.md.backup_20251102_021922: Unexpected timestamp format: 021922
2025-11-02 03:11:36,727 - WARNING - Error processing backup file /home/masum/github/EmailIntelligenceAuto/worktrees/docs-scientific/docs/common/docs/BRANCH_DELETION_RECOMMENDATIONS.md.backup_20251102_024539: Unexpected timestamp format: 024539
2025-11-02 03:11:36,727 - WARNING - Error processing backup file /home/masum/github/EmailIntelligenceAuto/worktrees/docs-scientific/docs/common/docs/worktree-documentation-system.md.backup_20251102_023340: Unexpected timestamp format: 023340
2025-11-02 03:11:36,732 - INFO - Scheduled sync completed successfully
2025-11-02 17:03:03,235 - INFO - Starting scheduled documentation sync
2025-11-02 17:03:03,440 - INFO - Successfully synced from inheritance base
2025-11-02 17:03:03,506 - INFO - Successfully synced between worktrees
2025-11-02 17:03:03,515 - INFO - Scheduled sync completed successfully
2025-11-02 17:03:50,737 - INFO - Starting scheduled documentation sync
2025-11-02 17:03:50,857 - INFO - Successfully synced from inheritance base
2025-11-02 17:03:50,925 - INFO - Successfully synced between worktrees
2025-11-02 17:03:50,930 - INFO - Scheduled sync completed successfully
2025-11-02 17:09:13,746 - INFO - Starting scheduled documentation sync
2025-11-02 17:09:14,067 - INFO - Successfully synced from inheritance base
2025-11-02 17:09:14,221 - INFO - Successfully synced between worktrees
2025-11-02 17:09:14,222 - WARNING - Error processing backup file /home/masum/github/EmailIntelligenceAuto/worktrees/docs-main/docs/common/docs/README.md.backup_20251102_170913: Unexpected timestamp format: 170913
2025-11-02 17:09:14,222 - WARNING - Error processing backup file /home/masum/github/EmailIntelligenceAuto/worktrees/docs-main/docs/common/docs/README.md.backup_20251102_170403: Unexpected timestamp format: 170403
2025-11-02 17:09:14,223 - WARNING - Error processing backup file /home/masum/github/EmailIntelligenceAuto/worktrees/docs-scientific/docs/common/docs/README.md.backup_20251102_170913: Unexpected timestamp format: 170913
2025-11-02 17:09:14,223 - WARNING - Error processing backup file /home/masum/github/EmailIntelligenceAuto/worktrees/docs-scientific/docs/common/docs/README.md.backup_20251102_170403: Unexpected timestamp format: 170403
2025-11-02 17:09:14,233 - INFO - Scheduled sync completed successfully
