2025-10-07 23:30:09,078 - backend.node_engine.security_manager.AuditLogger - INFO - WORKFLOW_START: id=df58bd6e-9a82-45ef-87c6-1a5c51fbb890, name=Security Test Workflow, user=test_user_123
2025-10-07 23:30:09,214 - backend.node_engine.security_manager.AuditLogger - INFO - NODE_EXEC: workflow=df58bd6e-9a82-45ef-87c6-1a5c51fbb890, node_id=1ce82464-c611-4861-a98b-972ad5080d80, name=Secure Source, status=success, duration=0.134481s
2025-10-07 23:30:09,216 - backend.node_engine.security_manager.AuditLogger - INFO - NODE_EXEC: workflow=df58bd6e-9a82-45ef-87c6-1a5c51fbb890, node_id=713a424e-109f-43d1-8e2b-1a1c64a0c567, name=Secure Preprocessor, status=success, duration=0.0s
2025-10-07 23:30:09,217 - backend.node_engine.security_manager.AuditLogger - INFO - WORKFLOW_END: id=df58bd6e-9a82-45ef-87c6-1a5c51fbb890, status=completed, duration=0.137469s, user=test_user_123
2025-10-07 23:30:09,217 - backend.node_engine.security_manager.AuditLogger - INFO - WORKFLOW_START: id=26b97292-714b-443b-baac-a85d58e8d1d0, name=Resource Test Workflow 0, user=test_user_0
2025-10-07 23:30:09,217 - backend.node_engine.security_manager.AuditLogger - INFO - WORKFLOW_START: id=d6bdde28-d251-44af-92e4-566b3e07eb35, name=Resource Test Workflow 1, user=test_user_1
2025-10-07 23:30:09,219 - backend.node_engine.security_manager.AuditLogger - INFO - WORKFLOW_START: id=ef1564f5-42a2-42b4-afc2-5796ed9710cc, name=Resource Test Workflow 2, user=test_user_2
2025-10-07 23:30:09,332 - backend.node_engine.security_manager.AuditLogger - INFO - NODE_EXEC: workflow=26b97292-714b-443b-baac-a85d58e8d1d0, node_id=cd855f01-26ee-49a5-97cb-4b57bbba6fd1, name=Source 0, status=success, duration=0.115106s
2025-10-07 23:30:09,333 - backend.node_engine.security_manager.AuditLogger - INFO - WORKFLOW_END: id=26b97292-714b-443b-baac-a85d58e8d1d0, status=completed, duration=0.115615s, user=test_user_0
2025-10-07 23:30:09,333 - backend.node_engine.security_manager.AuditLogger - INFO - NODE_EXEC: workflow=ef1564f5-42a2-42b4-afc2-5796ed9710cc, node_id=aa451976-13cb-4ee5-9c66-d3f7391765c7, name=Source 2, status=success, duration=0.113607s
2025-10-07 23:30:09,335 - backend.node_engine.security_manager.AuditLogger - INFO - WORKFLOW_END: id=ef1564f5-42a2-42b4-afc2-5796ed9710cc, status=completed, duration=0.115636s, user=test_user_2
2025-10-07 23:30:09,335 - backend.node_engine.security_manager.AuditLogger - INFO - NODE_EXEC: workflow=d6bdde28-d251-44af-92e4-566b3e07eb35, node_id=a28f4e6d-7a36-4e67-9b96-dde1d01b8b62, name=Source 1, status=success, duration=0.115636s
2025-10-07 23:30:09,335 - backend.node_engine.security_manager.AuditLogger - INFO - WORKFLOW_END: id=d6bdde28-d251-44af-92e4-566b3e07eb35, status=completed, duration=0.115636s, user=test_user_1
2025-10-07 23:30:09,337 - backend.node_engine.security_manager.AuditLogger - INFO - WORKFLOW_START: id=c9ae8f31-33d0-41d9-acf3-8414e01d7bbf, name=Audit Test Workflow, user=audit_tester
2025-10-07 23:30:09,462 - backend.node_engine.security_manager.AuditLogger - INFO - NODE_EXEC: workflow=c9ae8f31-33d0-41d9-acf3-8414e01d7bbf, node_id=70c0fdb7-17df-4a3b-a5e7-3b3e1b5dcc21, name=Audit Source, status=success, duration=0.125089s
2025-10-07 23:30:09,462 - backend.node_engine.security_manager.AuditLogger - INFO - WORKFLOW_END: id=c9ae8f31-33d0-41d9-acf3-8414e01d7bbf, status=completed, duration=0.125089s, user=audit_tester
2025-10-07 23:30:09,463 - backend.node_engine.security_manager.AuditLogger - INFO - WORKFLOW_START: id=5816bc3e-741f-41e2-827e-fe71190abc61, name=Scalability Workflow 0, user=scalability_user_0
2025-10-07 23:30:09,465 - backend.node_engine.security_manager.AuditLogger - INFO - WORKFLOW_START: id=207d0780-24ac-406e-a608-41f4a9d8234d, name=Scalability Workflow 1, user=scalability_user_1
2025-10-07 23:30:09,465 - backend.node_engine.security_manager.AuditLogger - INFO - WORKFLOW_START: id=415cf879-e274-4dc5-a18f-c972de0af4e5, name=Scalability Workflow 2, user=scalability_user_2
2025-10-07 23:30:09,465 - backend.node_engine.security_manager.AuditLogger - INFO - WORKFLOW_START: id=84f485d8-5a2a-4181-802e-d48ce8cf6f70, name=Scalability Workflow 3, user=scalability_user_3
2025-10-07 23:30:09,467 - backend.node_engine.security_manager.AuditLogger - INFO - WORKFLOW_START: id=8aa05696-df91-4403-b30c-e2e508ea8490, name=Scalability Workflow 4, user=scalability_user_4
2025-10-07 23:30:09,599 - backend.node_engine.security_manager.AuditLogger - INFO - NODE_EXEC: workflow=5816bc3e-741f-41e2-827e-fe71190abc61, node_id=a3b22112-3cf8-4bc6-84b7-fc9613bbef06, name=Source 0, status=success, duration=0.133577s
2025-10-07 23:30:09,601 - backend.node_engine.security_manager.AuditLogger - INFO - NODE_EXEC: workflow=5816bc3e-741f-41e2-827e-fe71190abc61, node_id=73407a1a-f9bd-4ca5-a17d-b41980341d66, name=Processor 0, status=success, duration=0.0s
2025-10-07 23:30:09,601 - backend.node_engine.security_manager.AuditLogger - INFO - WORKFLOW_END: id=5816bc3e-741f-41e2-827e-fe71190abc61, status=completed, duration=0.137433s, user=scalability_user_0
2025-10-07 23:30:09,603 - backend.node_engine.security_manager.AuditLogger - INFO - NODE_EXEC: workflow=415cf879-e274-4dc5-a18f-c972de0af4e5, node_id=417172d8-5fce-45e0-8ea1-28ff7ab82f58, name=Source 2, status=success, duration=0.137689s
2025-10-07 23:30:09,603 - backend.node_engine.security_manager.AuditLogger - INFO - NODE_EXEC: workflow=415cf879-e274-4dc5-a18f-c972de0af4e5, node_id=1f64beaf-fb6c-4f67-a4d3-c9e141001376, name=Processor 2, status=success, duration=0.0s
2025-10-07 23:30:09,603 - backend.node_engine.security_manager.AuditLogger - INFO - WORKFLOW_END: id=415cf879-e274-4dc5-a18f-c972de0af4e5, status=completed, duration=0.137689s, user=scalability_user_2
2025-10-07 23:30:09,605 - backend.node_engine.security_manager.AuditLogger - INFO - NODE_EXEC: workflow=207d0780-24ac-406e-a608-41f4a9d8234d, node_id=257e1083-739d-4671-9f34-2fb2515652ab, name=Source 1, status=success, duration=0.1397s
2025-10-07 23:30:09,605 - backend.node_engine.security_manager.AuditLogger - INFO - NODE_EXEC: workflow=207d0780-24ac-406e-a608-41f4a9d8234d, node_id=f189f4ea-9a8a-4fec-a431-2b61e0b2408f, name=Processor 1, status=success, duration=0.0s
2025-10-07 23:30:09,605 - backend.node_engine.security_manager.AuditLogger - INFO - WORKFLOW_END: id=207d0780-24ac-406e-a608-41f4a9d8234d, status=completed, duration=0.1397s, user=scalability_user_1
2025-10-07 23:30:09,607 - backend.node_engine.security_manager.AuditLogger - INFO - NODE_EXEC: workflow=8aa05696-df91-4403-b30c-e2e508ea8490, node_id=54dfe71c-1ba8-4a9f-b77f-a7c0c011ddea, name=Source 4, status=success, duration=0.139698s
2025-10-07 23:30:09,607 - backend.node_engine.security_manager.AuditLogger - INFO - NODE_EXEC: workflow=8aa05696-df91-4403-b30c-e2e508ea8490, node_id=b8669882-aaee-47b4-a995-bde5f60e4f86, name=Processor 4, status=success, duration=0.0s
2025-10-07 23:30:09,607 - backend.node_engine.security_manager.AuditLogger - INFO - WORKFLOW_END: id=8aa05696-df91-4403-b30c-e2e508ea8490, status=completed, duration=0.139698s, user=scalability_user_4
2025-10-07 23:30:09,608 - backend.node_engine.security_manager.AuditLogger - INFO - NODE_EXEC: workflow=84f485d8-5a2a-4181-802e-d48ce8cf6f70, node_id=83436432-9fd0-4b8b-b6fd-9e5155bb3bdc, name=Source 3, status=success, duration=0.141208s
2025-10-07 23:30:09,608 - backend.node_engine.security_manager.AuditLogger - INFO - NODE_EXEC: workflow=84f485d8-5a2a-4181-802e-d48ce8cf6f70, node_id=dfdf52f1-4d41-45dd-9c45-e88fd9cf7cd3, name=Processor 3, status=success, duration=0.0s
2025-10-07 23:30:09,608 - backend.node_engine.security_manager.AuditLogger - INFO - WORKFLOW_END: id=84f485d8-5a2a-4181-802e-d48ce8cf6f70, status=completed, duration=0.141208s, user=scalability_user_3
2025-10-07 23:30:36,530 - backend.node_engine.security_manager.AuditLogger - INFO - WORKFLOW_START: id=dc19adcb-f126-4dd7-8ba6-b658726e4322, name=Test Workflow, user=None
2025-10-07 23:30:36,682 - backend.node_engine.security_manager.AuditLogger - INFO - NODE_EXEC: workflow=dc19adcb-f126-4dd7-8ba6-b658726e4322, node_id=2abf8b3d-a2d0-4c22-9c61-a3cd68401a57, name=Test Source, status=success, duration=0.152098s
2025-10-07 23:30:36,682 - backend.node_engine.security_manager.AuditLogger - INFO - NODE_EXEC: workflow=dc19adcb-f126-4dd7-8ba6-b658726e4322, node_id=79c476b0-406b-4c38-9827-1b2aa4a2beb7, name=Test Preprocessor, status=success, duration=0.0s
2025-10-07 23:30:36,684 - backend.node_engine.security_manager.AuditLogger - INFO - NODE_EXEC: workflow=dc19adcb-f126-4dd7-8ba6-b658726e4322, node_id=4c595170-ca7e-4114-af34-d875eb83b722, name=Test Analyzer, status=success, duration=0.0s
2025-10-07 23:30:36,684 - backend.node_engine.security_manager.AuditLogger - INFO - WORKFLOW_END: id=dc19adcb-f126-4dd7-8ba6-b658726e4322, status=completed, duration=0.154111s, user=None
2025-10-07 23:30:36,686 - backend.node_engine.security_manager.AuditLogger - INFO - WORKFLOW_START: id=648827ff-605e-4b1c-b7e1-5be2d852f304, name=Email Processing Pipeline, user=None
2025-10-07 23:30:36,830 - backend.node_engine.security_manager.AuditLogger - INFO - NODE_EXEC: workflow=648827ff-605e-4b1c-b7e1-5be2d852f304, node_id=48304ed6-1f3a-4ffa-9ffd-2e8052570dae, name=Email Source, status=success, duration=0.144242s
2025-10-07 23:30:36,834 - backend.node_engine.security_manager.AuditLogger - INFO - NODE_EXEC: workflow=648827ff-605e-4b1c-b7e1-5be2d852f304, node_id=35615ad6-c579-42ee-8ba4-4a4adfa2dc6a, name=Email Preprocessor, status=success, duration=0.0s
2025-10-07 23:30:36,836 - backend.node_engine.security_manager.AuditLogger - INFO - NODE_EXEC: workflow=648827ff-605e-4b1c-b7e1-5be2d852f304, node_id=65f8e69f-df7c-4f81-a138-e033640c40ec, name=AI Analyzer, status=success, duration=0.0s
2025-10-07 23:30:36,836 - backend.node_engine.security_manager.AuditLogger - INFO - NODE_EXEC: workflow=648827ff-605e-4b1c-b7e1-5be2d852f304, node_id=a3855a6c-1d1a-442a-b4eb-24692dd456ab, name=Email Filter, status=success, duration=0.0s
2025-10-07 23:30:36,838 - backend.node_engine.security_manager.AuditLogger - INFO - NODE_EXEC: workflow=648827ff-605e-4b1c-b7e1-5be2d852f304, node_id=50239eb7-f0a9-49e0-aecd-e4d6bab9279d, name=Action Executor, status=success, duration=0.0s
2025-10-07 23:30:36,842 - backend.node_engine.security_manager.AuditLogger - INFO - WORKFLOW_END: id=648827ff-605e-4b1c-b7e1-5be2d852f304, status=completed, duration=0.156047s, user=None
2025-10-07 23:30:36,947 - backend.node_engine.security_manager.AuditLogger - INFO - WORKFLOW_START: id=aeafa30e-7cee-437e-a157-f5243d058c63, name=Email Processing Pipeline, user=None
2025-10-07 23:30:37,088 - backend.node_engine.security_manager.AuditLogger - INFO - NODE_EXEC: workflow=aeafa30e-7cee-437e-a157-f5243d058c63, node_id=8fba815d-013b-40d6-a4b7-040f6f75b1ac, name=Email Source, status=success, duration=0.138473s
2025-10-07 23:30:37,094 - backend.node_engine.security_manager.AuditLogger - INFO - NODE_EXEC: workflow=aeafa30e-7cee-437e-a157-f5243d058c63, node_id=bfe06cc3-8fdb-406b-a48c-7c9d3ecb3942, name=Email Preprocessor, status=success, duration=0.0s
2025-10-07 23:30:37,098 - backend.node_engine.security_manager.AuditLogger - INFO - NODE_EXEC: workflow=aeafa30e-7cee-437e-a157-f5243d058c63, node_id=7d229dc3-5834-41e5-99c3-c330b999c447, name=AI Analyzer, status=success, duration=0.0s
2025-10-07 23:30:37,100 - backend.node_engine.security_manager.AuditLogger - INFO - NODE_EXEC: workflow=aeafa30e-7cee-437e-a157-f5243d058c63, node_id=3dc7b9be-6822-4db0-ae60-c527010d0ae4, name=Email Filter, status=success, duration=0.0s
2025-10-07 23:30:37,100 - backend.node_engine.security_manager.AuditLogger - INFO - NODE_EXEC: workflow=aeafa30e-7cee-437e-a157-f5243d058c63, node_id=0f8bb61b-7b47-466c-bc48-2f6955bf5f28, name=Action Executor, status=success, duration=0.0s
2025-10-07 23:30:37,102 - backend.node_engine.security_manager.AuditLogger - INFO - WORKFLOW_END: id=aeafa30e-7cee-437e-a157-f5243d058c63, status=completed, duration=0.15049s, user=None
2025-10-07 23:33:07,230 - backend.node_engine.security_manager.AuditLogger - INFO - WORKFLOW_START: id=671011ca-bd4d-4453-86ad-1b09220f0d41, name=Complete Email Processing Pipeline, user=integration_tester
2025-10-07 23:33:07,357 - backend.node_engine.security_manager.AuditLogger - INFO - NODE_EXEC: workflow=671011ca-bd4d-4453-86ad-1b09220f0d41, node_id=69ae5699-0976-43d4-a566-052be1507331, name=Gmail Source, status=success, duration=0.124843s
2025-10-07 23:33:07,357 - backend.node_engine.security_manager.AuditLogger - INFO - NODE_EXEC: workflow=671011ca-bd4d-4453-86ad-1b09220f0d41, node_id=bf6ce6ac-4e47-4636-8a6f-ebff8ab84d44, name=Email Preprocessor, status=success, duration=0.0s
2025-10-07 23:33:07,359 - backend.node_engine.security_manager.AuditLogger - INFO - NODE_EXEC: workflow=671011ca-bd4d-4453-86ad-1b09220f0d41, node_id=45e99e9c-b8b0-4014-b3b9-c87e4f193bd3, name=AI Analyzer, status=success, duration=0.0s
2025-10-07 23:33:07,360 - backend.node_engine.security_manager.AuditLogger - INFO - NODE_EXEC: workflow=671011ca-bd4d-4453-86ad-1b09220f0d41, node_id=15a3f574-cbbf-4b0a-b013-73ceffcb5c71, name=Priority Filter, status=success, duration=0.0s
2025-10-07 23:33:07,360 - backend.node_engine.security_manager.AuditLogger - INFO - NODE_EXEC: workflow=671011ca-bd4d-4453-86ad-1b09220f0d41, node_id=2a6f7170-c59c-4d2b-ba80-f80a36a924a5, name=Action Executor, status=success, duration=0.0s
2025-10-07 23:33:07,360 - backend.node_engine.security_manager.AuditLogger - INFO - WORKFLOW_END: id=671011ca-bd4d-4453-86ad-1b09220f0d41, status=completed, duration=0.127865s, user=integration_tester
2025-10-07 23:35:44,980 - backend.node_engine.security_manager.AuditLogger - INFO - WORKFLOW_START: id=2ff9b8c8-b3f0-40e5-8a85-6b97eb9bdd31, name=Complete Email Processing Pipeline, user=integration_tester
2025-10-07 23:35:45,085 - backend.node_engine.security_manager.AuditLogger - INFO - NODE_EXEC: workflow=2ff9b8c8-b3f0-40e5-8a85-6b97eb9bdd31, node_id=543a2198-8718-4aee-98a3-f657b7ecfb9c, name=Gmail Source, status=success, duration=0.105136s
2025-10-07 23:35:45,099 - backend.node_engine.security_manager.AuditLogger - INFO - NODE_EXEC: workflow=2ff9b8c8-b3f0-40e5-8a85-6b97eb9bdd31, node_id=3e9a2c5e-750d-4942-a6f7-d89f67a57790, name=Email Preprocessor, status=success, duration=0.003982s
2025-10-07 23:35:45,100 - backend.node_engine.security_manager.AuditLogger - INFO - NODE_EXEC: workflow=2ff9b8c8-b3f0-40e5-8a85-6b97eb9bdd31, node_id=f33685a1-e7de-4bc1-9e37-11454586be9d, name=AI Analyzer, status=success, duration=0.0s
2025-10-07 23:35:45,100 - backend.node_engine.security_manager.AuditLogger - INFO - NODE_EXEC: workflow=2ff9b8c8-b3f0-40e5-8a85-6b97eb9bdd31, node_id=a51bcd7d-fa0b-41f2-8996-491b2442ce34, name=Priority Filter, status=success, duration=0.0s
2025-10-07 23:35:45,100 - backend.node_engine.security_manager.AuditLogger - INFO - NODE_EXEC: workflow=2ff9b8c8-b3f0-40e5-8a85-6b97eb9bdd31, node_id=a5cd4a4c-6e89-4f6e-92c9-70c6906e533b, name=Action Executor, status=success, duration=0.0s
2025-10-07 23:35:45,102 - backend.node_engine.security_manager.AuditLogger - INFO - WORKFLOW_END: id=2ff9b8c8-b3f0-40e5-8a85-6b97eb9bdd31, status=completed, duration=0.121558s, user=integration_tester
2025-10-07 23:35:45,177 - backend.node_engine.security_manager.AuditLogger - INFO - WORKFLOW_START: id=a09243d6-86cd-4162-bd1b-48a83e46a0ae, name=Email Processing Pipeline, user=persistence_tester
2025-10-07 23:35:45,292 - backend.node_engine.security_manager.AuditLogger - INFO - NODE_EXEC: workflow=a09243d6-86cd-4162-bd1b-48a83e46a0ae, node_id=1251b015-fab3-49c0-aa59-3d25f083b23c, name=Email Source, status=success, duration=0.11551s
2025-10-07 23:35:45,293 - backend.node_engine.security_manager.AuditLogger - INFO - NODE_EXEC: workflow=a09243d6-86cd-4162-bd1b-48a83e46a0ae, node_id=32d586cb-84f9-4a92-bda8-8493c545ba79, name=Email Preprocessor, status=success, duration=0.0s
2025-10-07 23:35:45,293 - backend.node_engine.security_manager.AuditLogger - INFO - NODE_EXEC: workflow=a09243d6-86cd-4162-bd1b-48a83e46a0ae, node_id=3d290583-566d-4f71-8f8a-4e7fc33efed1, name=AI Analyzer, status=success, duration=0.0s
2025-10-07 23:35:45,293 - backend.node_engine.security_manager.AuditLogger - INFO - NODE_EXEC: workflow=a09243d6-86cd-4162-bd1b-48a83e46a0ae, node_id=8c20443a-26cc-42e6-a7d4-f1b807d7d39f, name=Email Filter, status=success, duration=0.0s
2025-10-07 23:35:45,314 - backend.node_engine.security_manager.AuditLogger - INFO - NODE_EXEC: workflow=a09243d6-86cd-4162-bd1b-48a83e46a0ae, node_id=6a07e9d0-46f3-41b6-8006-296782664901, name=Action Executor, status=success, duration=0.002017s
2025-10-07 23:35:45,315 - backend.node_engine.security_manager.AuditLogger - INFO - WORKFLOW_END: id=a09243d6-86cd-4162-bd1b-48a83e46a0ae, status=completed, duration=0.138042s, user=persistence_tester
2025-10-07 23:35:45,315 - backend.node_engine.security_manager.AuditLogger - INFO - WORKFLOW_START: id=65bcfd91-2a5f-44fa-9a18-572c0803e124, name=Security Enforcement Test, user=security_test_user
2025-10-07 23:35:45,428 - backend.node_engine.security_manager.AuditLogger - INFO - NODE_EXEC: workflow=65bcfd91-2a5f-44fa-9a18-572c0803e124, node_id=572ca411-2bd3-459f-989d-b505940e8f72, name=Secure Source, status=success, duration=0.110849s
2025-10-07 23:35:45,429 - backend.node_engine.security_manager.AuditLogger - INFO - NODE_EXEC: workflow=65bcfd91-2a5f-44fa-9a18-572c0803e124, node_id=add9d9d6-9411-438f-ac76-c509e43742ae, name=Secure Processor, status=success, duration=0.0s
2025-10-07 23:35:45,430 - backend.node_engine.security_manager.AuditLogger - INFO - WORKFLOW_END: id=65bcfd91-2a5f-44fa-9a18-572c0803e124, status=completed, duration=0.113028s, user=security_test_user
2025-10-07 23:35:45,431 - backend.node_engine.security_manager.AuditLogger - INFO - WORKFLOW_START: id=a77f88e9-1b08-4c5b-9f7c-cfd776bc25c6, name=Concurrent Workflow 0, user=concurrent_user_0
2025-10-07 23:35:45,432 - backend.node_engine.security_manager.AuditLogger - INFO - WORKFLOW_START: id=b375944c-14a9-4379-b5e6-0d9cda23acbb, name=Concurrent Workflow 1, user=concurrent_user_1
2025-10-07 23:35:45,433 - backend.node_engine.security_manager.AuditLogger - INFO - WORKFLOW_START: id=066ad3a3-b5b0-488d-bc93-84f13c3bb448, name=Concurrent Workflow 2, user=concurrent_user_2
2025-10-07 23:35:45,433 - backend.node_engine.security_manager.AuditLogger - INFO - WORKFLOW_START: id=c176a07d-127d-473a-9966-3095b60bdf1f, name=Concurrent Workflow 3, user=concurrent_user_3
2025-10-07 23:35:45,538 - backend.node_engine.security_manager.AuditLogger - INFO - NODE_EXEC: workflow=a77f88e9-1b08-4c5b-9f7c-cfd776bc25c6, node_id=7449d2f5-e45a-43ec-a4bf-46eb5ff70816, name=Source 0, status=success, duration=0.106213s
2025-10-07 23:35:45,541 - backend.node_engine.security_manager.AuditLogger - INFO - NODE_EXEC: workflow=a77f88e9-1b08-4c5b-9f7c-cfd776bc25c6, node_id=d02bc68a-8c9e-4c8f-855b-14c0cccb4bcc, name=Proc 0, status=success, duration=0.0s
2025-10-07 23:35:45,541 - backend.node_engine.security_manager.AuditLogger - INFO - WORKFLOW_END: id=a77f88e9-1b08-4c5b-9f7c-cfd776bc25c6, status=completed, duration=0.109868s, user=concurrent_user_0
2025-10-07 23:35:45,542 - backend.node_engine.security_manager.AuditLogger - INFO - NODE_EXEC: workflow=066ad3a3-b5b0-488d-bc93-84f13c3bb448, node_id=1de84704-a1ee-4eb3-9a61-a8071ff6345f, name=Source 2, status=success, duration=0.108636s
2025-10-07 23:35:45,542 - backend.node_engine.security_manager.AuditLogger - INFO - NODE_EXEC: workflow=066ad3a3-b5b0-488d-bc93-84f13c3bb448, node_id=24629877-79e9-43bb-bfeb-853f00550548, name=Proc 2, status=success, duration=0.0s
2025-10-07 23:35:45,542 - backend.node_engine.security_manager.AuditLogger - INFO - WORKFLOW_END: id=066ad3a3-b5b0-488d-bc93-84f13c3bb448, status=completed, duration=0.108636s, user=concurrent_user_2
2025-10-07 23:35:45,546 - backend.node_engine.security_manager.AuditLogger - INFO - NODE_EXEC: workflow=b375944c-14a9-4379-b5e6-0d9cda23acbb, node_id=614871c5-c4c3-4ad3-8ec4-20cb20d194cd, name=Source 1, status=success, duration=0.113088s
2025-10-07 23:35:45,547 - backend.node_engine.security_manager.AuditLogger - INFO - NODE_EXEC: workflow=b375944c-14a9-4379-b5e6-0d9cda23acbb, node_id=6b4a00a3-0764-4a07-9797-fc4353c8d333, name=Proc 1, status=success, duration=0.0s
2025-10-07 23:35:45,547 - backend.node_engine.security_manager.AuditLogger - INFO - WORKFLOW_END: id=b375944c-14a9-4379-b5e6-0d9cda23acbb, status=completed, duration=0.114265s, user=concurrent_user_1
2025-10-07 23:35:45,548 - backend.node_engine.security_manager.AuditLogger - INFO - NODE_EXEC: workflow=c176a07d-127d-473a-9966-3095b60bdf1f, node_id=c0a2f6d7-5540-4557-8727-8c95039bcf37, name=Source 3, status=success, duration=0.114591s
2025-10-07 23:35:45,549 - backend.node_engine.security_manager.AuditLogger - INFO - NODE_EXEC: workflow=c176a07d-127d-473a-9966-3095b60bdf1f, node_id=0d2017c3-b211-403e-a867-c0a051a15f02, name=Proc 3, status=success, duration=0.000529s
2025-10-07 23:35:45,549 - backend.node_engine.security_manager.AuditLogger - INFO - WORKFLOW_END: id=c176a07d-127d-473a-9966-3095b60bdf1f, status=completed, duration=0.11563s, user=concurrent_user_3
2025-10-07 23:35:45,550 - backend.node_engine.security_manager.AuditLogger - INFO - WORKFLOW_START: id=af41c6d8-8265-4775-8ca7-57992a193fae, name=Resource Test 0, user=resource_user_0
2025-10-07 23:35:45,667 - backend.node_engine.security_manager.AuditLogger - INFO - NODE_EXEC: workflow=af41c6d8-8265-4775-8ca7-57992a193fae, node_id=93a9f514-334d-4e47-ad68-c199d3914d27, name=RS 0, status=success, duration=0.116153s
2025-10-07 23:35:45,668 - backend.node_engine.security_manager.AuditLogger - INFO - WORKFLOW_END: id=af41c6d8-8265-4775-8ca7-57992a193fae, status=completed, duration=0.11675s, user=resource_user_0
2025-10-07 23:35:45,668 - backend.node_engine.security_manager.AuditLogger - INFO - WORKFLOW_START: id=43721e77-c52f-4f75-a425-954bdc7b320c, name=Resource Test 1, user=resource_user_1
2025-10-07 23:35:45,780 - backend.node_engine.security_manager.AuditLogger - INFO - NODE_EXEC: workflow=43721e77-c52f-4f75-a425-954bdc7b320c, node_id=20f6cc2a-d8ea-4ade-a562-4c9ec56ec2cb, name=RS 1, status=success, duration=0.112763s
2025-10-07 23:35:45,780 - backend.node_engine.security_manager.AuditLogger - INFO - WORKFLOW_END: id=43721e77-c52f-4f75-a425-954bdc7b320c, status=completed, duration=0.112763s, user=resource_user_1
2025-10-07 23:35:45,782 - backend.node_engine.security_manager.AuditLogger - INFO - WORKFLOW_START: id=8ed026aa-85d9-4875-aae4-7718007fa799, name=Resource Test 2, user=resource_user_2
2025-10-07 23:35:45,890 - backend.node_engine.security_manager.AuditLogger - INFO - NODE_EXEC: workflow=8ed026aa-85d9-4875-aae4-7718007fa799, node_id=4115dcdc-0081-42f3-9972-f2fbc82f0182, name=RS 2, status=success, duration=0.107795s
2025-10-07 23:35:45,890 - backend.node_engine.security_manager.AuditLogger - INFO - WORKFLOW_END: id=8ed026aa-85d9-4875-aae4-7718007fa799, status=completed, duration=0.107795s, user=resource_user_2
2025-10-08 01:18:14,155 - backend.node_engine.security_manager.AuditLogger - INFO - WORKFLOW_START: id=96556435-e7f3-4979-b672-5e51391c5c2e, name=Security Test Workflow, user=test_user_123
2025-10-08 01:18:14,277 - backend.node_engine.security_manager.AuditLogger - INFO - NODE_EXEC: workflow=96556435-e7f3-4979-b672-5e51391c5c2e, node_id=ec645495-ca16-43a7-9d9a-1274ebd07142, name=Secure Source, status=success, duration=0.116027s
2025-10-08 01:18:14,277 - backend.node_engine.security_manager.AuditLogger - INFO - NODE_EXEC: workflow=96556435-e7f3-4979-b672-5e51391c5c2e, node_id=9d31271f-a60b-450a-a76a-782eb225fc80, name=Secure Preprocessor, status=success, duration=0.0s
2025-10-08 01:18:14,279 - backend.node_engine.security_manager.AuditLogger - INFO - WORKFLOW_END: id=96556435-e7f3-4979-b672-5e51391c5c2e, status=completed, duration=0.120064s, user=test_user_123
2025-10-08 01:18:14,279 - backend.node_engine.security_manager.AuditLogger - INFO - WORKFLOW_START: id=b622fdfa-3736-450d-bc04-088807cad6f6, name=Resource Test Workflow 0, user=test_user_0
2025-10-08 01:18:14,280 - backend.node_engine.security_manager.AuditLogger - INFO - WORKFLOW_START: id=b3137ae0-b908-413d-9364-5b3ac6023666, name=Resource Test Workflow 1, user=test_user_1
2025-10-08 01:18:14,281 - backend.node_engine.security_manager.AuditLogger - INFO - WORKFLOW_START: id=db15d17b-f4a4-4578-9581-7cdf523265e4, name=Resource Test Workflow 2, user=test_user_2
2025-10-08 01:18:14,386 - backend.node_engine.security_manager.AuditLogger - INFO - NODE_EXEC: workflow=b622fdfa-3736-450d-bc04-088807cad6f6, node_id=a09d2fde-c016-465c-9870-f357d989846f, name=Source 0, status=success, duration=0.105724s
2025-10-08 01:18:14,386 - backend.node_engine.security_manager.AuditLogger - INFO - WORKFLOW_END: id=b622fdfa-3736-450d-bc04-088807cad6f6, status=completed, duration=0.105724s, user=test_user_0
2025-10-08 01:18:14,387 - backend.node_engine.security_manager.AuditLogger - INFO - NODE_EXEC: workflow=db15d17b-f4a4-4578-9581-7cdf523265e4, node_id=f8dc84b2-65df-4972-bcf5-2bb289e79faf, name=Source 2, status=success, duration=0.106256s
2025-10-08 01:18:14,387 - backend.node_engine.security_manager.AuditLogger - INFO - WORKFLOW_END: id=db15d17b-f4a4-4578-9581-7cdf523265e4, status=completed, duration=0.106256s, user=test_user_2
2025-10-08 01:18:14,387 - backend.node_engine.security_manager.AuditLogger - INFO - NODE_EXEC: workflow=b3137ae0-b908-413d-9364-5b3ac6023666, node_id=a8dcf97f-d22c-42c9-acf1-9675c45d1f23, name=Source 1, status=success, duration=0.106256s
2025-10-08 01:18:14,387 - backend.node_engine.security_manager.AuditLogger - INFO - WORKFLOW_END: id=b3137ae0-b908-413d-9364-5b3ac6023666, status=completed, duration=0.106256s, user=test_user_1
2025-10-08 01:18:14,390 - backend.node_engine.security_manager.AuditLogger - INFO - WORKFLOW_START: id=97643d21-6fe4-4d5f-954d-f473d0f71a2b, name=Audit Test Workflow, user=audit_tester
2025-10-08 01:18:14,518 - backend.node_engine.security_manager.AuditLogger - INFO - NODE_EXEC: workflow=97643d21-6fe4-4d5f-954d-f473d0f71a2b, node_id=17a8b6c4-f4c5-4c04-940e-8d058ab5c62e, name=Audit Source, status=success, duration=0.128627s
2025-10-08 01:18:14,518 - backend.node_engine.security_manager.AuditLogger - INFO - WORKFLOW_END: id=97643d21-6fe4-4d5f-954d-f473d0f71a2b, status=completed, duration=0.128627s, user=audit_tester
2025-10-08 01:18:14,712 - backend.node_engine.security_manager.AuditLogger - INFO - WORKFLOW_START: id=4412d90d-f161-4fd0-8855-210570d32700, name=Scalability Workflow 0, user=scalability_user_0
2025-10-08 01:18:14,713 - backend.node_engine.security_manager.AuditLogger - INFO - WORKFLOW_START: id=d6321c20-f69e-42ae-bf30-453d692663ca, name=Scalability Workflow 1, user=scalability_user_1
2025-10-08 01:18:14,714 - backend.node_engine.security_manager.AuditLogger - INFO - WORKFLOW_START: id=fc1d90ce-f5b2-4153-b83c-4efb24fa329a, name=Scalability Workflow 2, user=scalability_user_2
2025-10-08 01:18:14,714 - backend.node_engine.security_manager.AuditLogger - INFO - WORKFLOW_START: id=7e96b0f6-5d35-4fb0-94b9-53cca9527bb5, name=Scalability Workflow 3, user=scalability_user_3
2025-10-08 01:18:14,715 - backend.node_engine.security_manager.AuditLogger - INFO - WORKFLOW_START: id=37e77f46-bbb3-426b-9dfb-f35de21db846, name=Scalability Workflow 4, user=scalability_user_4
2025-10-08 01:18:14,847 - backend.node_engine.security_manager.AuditLogger - INFO - NODE_EXEC: workflow=4412d90d-f161-4fd0-8855-210570d32700, node_id=806b43fe-154d-4f0d-96ad-9b1755411d10, name=Source 0, status=success, duration=0.1345s
2025-10-08 01:18:14,850 - backend.node_engine.security_manager.AuditLogger - INFO - NODE_EXEC: workflow=4412d90d-f161-4fd0-8855-210570d32700, node_id=6b6f3e18-2f2a-4d28-a265-d849d319ea27, name=Processor 0, status=success, duration=0.0s
2025-10-08 01:18:14,851 - backend.node_engine.security_manager.AuditLogger - INFO - WORKFLOW_END: id=4412d90d-f161-4fd0-8855-210570d32700, status=completed, duration=0.138052s, user=scalability_user_0
2025-10-08 01:18:14,851 - backend.node_engine.security_manager.AuditLogger - INFO - NODE_EXEC: workflow=fc1d90ce-f5b2-4153-b83c-4efb24fa329a, node_id=a64a0653-cc3a-47ed-b8b7-f2d3c1b26eee, name=Source 2, status=success, duration=0.137015s
2025-10-08 01:18:14,851 - backend.node_engine.security_manager.AuditLogger - INFO - NODE_EXEC: workflow=fc1d90ce-f5b2-4153-b83c-4efb24fa329a, node_id=2572741a-7df0-40ca-81a3-2254bd6f723f, name=Processor 2, status=success, duration=0.0s
2025-10-08 01:18:14,853 - backend.node_engine.security_manager.AuditLogger - INFO - WORKFLOW_END: id=fc1d90ce-f5b2-4153-b83c-4efb24fa329a, status=completed, duration=0.139217s, user=scalability_user_2
2025-10-08 01:18:14,854 - backend.node_engine.security_manager.AuditLogger - INFO - NODE_EXEC: workflow=d6321c20-f69e-42ae-bf30-453d692663ca, node_id=c5db6b7a-a4cc-4e55-8209-1d89fbc799d7, name=Source 1, status=success, duration=0.14021s
2025-10-08 01:18:14,854 - backend.node_engine.security_manager.AuditLogger - INFO - NODE_EXEC: workflow=d6321c20-f69e-42ae-bf30-453d692663ca, node_id=422c3806-affb-435d-a008-590488f45cfa, name=Processor 1, status=success, duration=0.0s
2025-10-08 01:18:14,854 - backend.node_engine.security_manager.AuditLogger - INFO - WORKFLOW_END: id=d6321c20-f69e-42ae-bf30-453d692663ca, status=completed, duration=0.140717s, user=scalability_user_1
2025-10-08 01:18:14,854 - backend.node_engine.security_manager.AuditLogger - INFO - NODE_EXEC: workflow=37e77f46-bbb3-426b-9dfb-f35de21db846, node_id=57d8ed1e-45ee-4e45-b2f8-6c64fe318d0b, name=Source 4, status=success, duration=0.137641s
2025-10-08 01:18:14,856 - backend.node_engine.security_manager.AuditLogger - INFO - NODE_EXEC: workflow=37e77f46-bbb3-426b-9dfb-f35de21db846, node_id=2d68bf32-a888-418b-bd56-3fa7baf651b4, name=Processor 4, status=success, duration=0.0s
2025-10-08 01:18:14,856 - backend.node_engine.security_manager.AuditLogger - INFO - WORKFLOW_END: id=37e77f46-bbb3-426b-9dfb-f35de21db846, status=completed, duration=0.139682s, user=scalability_user_4
2025-10-08 01:18:14,856 - backend.node_engine.security_manager.AuditLogger - INFO - NODE_EXEC: workflow=7e96b0f6-5d35-4fb0-94b9-53cca9527bb5, node_id=abbcc809-241a-41d0-8ccf-5379082137b8, name=Source 3, status=success, duration=0.141731s
2025-10-08 01:18:14,858 - backend.node_engine.security_manager.AuditLogger - INFO - NODE_EXEC: workflow=7e96b0f6-5d35-4fb0-94b9-53cca9527bb5, node_id=5b2170db-454e-480c-9ba4-5dd9e2884f4b, name=Processor 3, status=success, duration=0.002011s
2025-10-08 01:18:14,858 - backend.node_engine.security_manager.AuditLogger - INFO - WORKFLOW_END: id=7e96b0f6-5d35-4fb0-94b9-53cca9527bb5, status=completed, duration=0.143742s, user=scalability_user_3
2025-10-08 01:18:58,151 - backend.node_engine.security_manager.AuditLogger - INFO - WORKFLOW_START: id=8bcba804-95d9-4945-8989-9a1899ed593a, name=Test Workflow, user=None
2025-10-08 01:18:58,270 - backend.node_engine.security_manager.AuditLogger - INFO - NODE_EXEC: workflow=8bcba804-95d9-4945-8989-9a1899ed593a, node_id=634b68a2-eac9-4789-97eb-a4ab13cc6be4, name=Test Source, status=success, duration=0.115156s
2025-10-08 01:18:58,299 - backend.node_engine.security_manager.AuditLogger - INFO - NODE_EXEC: workflow=8bcba804-95d9-4945-8989-9a1899ed593a, node_id=6ccdfe4a-ed15-4d47-94d4-a39131b9d3b6, name=Test Preprocessor, status=success, duration=0.0s
2025-10-08 01:18:58,302 - backend.node_engine.security_manager.AuditLogger - INFO - NODE_EXEC: workflow=8bcba804-95d9-4945-8989-9a1899ed593a, node_id=171379f7-07f9-4ba0-ac64-7cce2c8757aa, name=Test Analyzer, status=success, duration=0.0s
2025-10-08 01:18:58,302 - backend.node_engine.security_manager.AuditLogger - INFO - WORKFLOW_END: id=8bcba804-95d9-4945-8989-9a1899ed593a, status=completed, duration=0.148787s, user=None
2025-10-08 01:18:58,304 - backend.node_engine.security_manager.AuditLogger - INFO - WORKFLOW_START: id=eb1a3709-11cf-4563-93a2-181152138fb7, name=Email Processing Pipeline, user=None
2025-10-08 01:18:58,422 - backend.node_engine.security_manager.AuditLogger - INFO - NODE_EXEC: workflow=eb1a3709-11cf-4563-93a2-181152138fb7, node_id=afdaa62f-29d1-4078-a5ee-48c80020661b, name=Email Source, status=success, duration=0.117919s
2025-10-08 01:18:58,444 - backend.node_engine.security_manager.AuditLogger - INFO - NODE_EXEC: workflow=eb1a3709-11cf-4563-93a2-181152138fb7, node_id=a29dafd3-5997-4243-be98-dbad38efaa52, name=Email Preprocessor, status=success, duration=0.00579s
2025-10-08 01:18:58,446 - backend.node_engine.security_manager.AuditLogger - INFO - NODE_EXEC: workflow=eb1a3709-11cf-4563-93a2-181152138fb7, node_id=968f9af9-a753-4e74-b22b-46c443aa32f8, name=AI Analyzer, status=success, duration=0.0s
2025-10-08 01:18:58,450 - backend.node_engine.security_manager.AuditLogger - INFO - NODE_EXEC: workflow=eb1a3709-11cf-4563-93a2-181152138fb7, node_id=daa8f735-7f2a-41d5-be31-9975a1126a8b, name=Email Filter, status=success, duration=0.0s
2025-10-08 01:18:58,450 - backend.node_engine.security_manager.AuditLogger - INFO - NODE_EXEC: workflow=eb1a3709-11cf-4563-93a2-181152138fb7, node_id=40a20de2-8ce9-4760-9cf5-163ef78241e5, name=Action Executor, status=success, duration=0.0s
2025-10-08 01:18:58,450 - backend.node_engine.security_manager.AuditLogger - INFO - WORKFLOW_END: id=eb1a3709-11cf-4563-93a2-181152138fb7, status=completed, duration=0.146431s, user=None
2025-10-08 01:18:58,519 - backend.node_engine.security_manager.AuditLogger - INFO - WORKFLOW_START: id=97d23350-3f7a-4b65-98f4-7240e77200c7, name=Email Processing Pipeline, user=None
2025-10-08 01:18:58,630 - backend.node_engine.security_manager.AuditLogger - INFO - NODE_EXEC: workflow=97d23350-3f7a-4b65-98f4-7240e77200c7, node_id=7d639af1-58ad-42a3-8d58-15f16f082254, name=Email Source, status=success, duration=0.109015s
2025-10-08 01:18:58,631 - backend.node_engine.security_manager.AuditLogger - INFO - NODE_EXEC: workflow=97d23350-3f7a-4b65-98f4-7240e77200c7, node_id=b7787bce-6985-47af-9298-f7e813c8737e, name=Email Preprocessor, status=success, duration=0.0s
2025-10-08 01:18:58,631 - backend.node_engine.security_manager.AuditLogger - INFO - NODE_EXEC: workflow=97d23350-3f7a-4b65-98f4-7240e77200c7, node_id=77ab55fe-0b39-483f-8d0b-7636d4f4613b, name=AI Analyzer, status=success, duration=0.0s
2025-10-08 01:18:58,632 - backend.node_engine.security_manager.AuditLogger - INFO - NODE_EXEC: workflow=97d23350-3f7a-4b65-98f4-7240e77200c7, node_id=3016e164-1c03-4463-80ed-1425d3358a25, name=Email Filter, status=success, duration=0.0s
2025-10-08 01:18:58,633 - backend.node_engine.security_manager.AuditLogger - INFO - NODE_EXEC: workflow=97d23350-3f7a-4b65-98f4-7240e77200c7, node_id=80da3fb6-ca14-46c8-a5ca-a8f9c3b85fea, name=Action Executor, status=success, duration=0.0s
2025-10-08 01:18:58,634 - backend.node_engine.security_manager.AuditLogger - INFO - WORKFLOW_END: id=97d23350-3f7a-4b65-98f4-7240e77200c7, status=completed, duration=0.11147s, user=None
2025-10-08 02:48:49,361 - backend.node_engine.security_manager.AuditLogger - INFO - WORKFLOW_START: id=a0fd1ecf-1d5e-4421-92b5-e182614940bf, name=Complete Email Processing Pipeline, user=integration_tester
2025-10-08 02:48:49,472 - backend.node_engine.security_manager.AuditLogger - INFO - NODE_EXEC: workflow=a0fd1ecf-1d5e-4421-92b5-e182614940bf, node_id=47fcce06-5984-4bbf-a26f-eb435f019af4, name=Gmail Source, status=success, duration=0.109807s
2025-10-08 02:48:49,474 - backend.node_engine.security_manager.AuditLogger - INFO - NODE_EXEC: workflow=a0fd1ecf-1d5e-4421-92b5-e182614940bf, node_id=0d53eda8-6871-4d44-857e-cccbd52abf4b, name=Email Preprocessor, status=success, duration=0.0s
2025-10-08 02:48:49,475 - backend.node_engine.security_manager.AuditLogger - INFO - NODE_EXEC: workflow=a0fd1ecf-1d5e-4421-92b5-e182614940bf, node_id=d3eb5f5d-bfdc-45fc-aa98-8f69ff95a264, name=AI Analyzer, status=success, duration=0.0s
2025-10-08 02:48:49,479 - backend.node_engine.security_manager.AuditLogger - INFO - WORKFLOW_END: id=a0fd1ecf-1d5e-4421-92b5-e182614940bf, status=failed, duration=0.114274s, user=integration_tester
2025-10-08 02:48:49,577 - backend.node_engine.security_manager.AuditLogger - INFO - WORKFLOW_START: id=978eda8e-b1ea-4620-8d2f-5893eb800be7, name=Email Processing Pipeline, user=persistence_tester
2025-10-08 02:48:49,692 - backend.node_engine.security_manager.AuditLogger - INFO - NODE_EXEC: workflow=978eda8e-b1ea-4620-8d2f-5893eb800be7, node_id=f9ba5af2-374e-4b1b-ab73-e1815594e4cd, name=Email Source, status=success, duration=0.115025s
2025-10-08 02:48:49,693 - backend.node_engine.security_manager.AuditLogger - INFO - NODE_EXEC: workflow=978eda8e-b1ea-4620-8d2f-5893eb800be7, node_id=51315b42-1489-414b-b447-d74ae919313e, name=Email Preprocessor, status=success, duration=0.0s
2025-10-08 02:48:49,693 - backend.node_engine.security_manager.AuditLogger - INFO - NODE_EXEC: workflow=978eda8e-b1ea-4620-8d2f-5893eb800be7, node_id=a7e59b3a-fc54-48b7-92b7-d36a2ed485af, name=AI Analyzer, status=success, duration=0.0s
2025-10-08 02:48:49,695 - backend.node_engine.security_manager.AuditLogger - INFO - WORKFLOW_END: id=978eda8e-b1ea-4620-8d2f-5893eb800be7, status=failed, duration=0.116612s, user=persistence_tester
2025-10-08 02:48:49,697 - backend.node_engine.security_manager.AuditLogger - INFO - WORKFLOW_START: id=1a5b5a67-1977-4c24-94ec-5016e2c4ebe8, name=Security Enforcement Test, user=security_test_user
2025-10-08 02:48:49,808 - backend.node_engine.security_manager.AuditLogger - INFO - NODE_EXEC: workflow=1a5b5a67-1977-4c24-94ec-5016e2c4ebe8, node_id=832374fb-495b-4fff-9317-2ac593f898e7, name=Secure Source, status=success, duration=0.109123s
2025-10-08 02:48:49,808 - backend.node_engine.security_manager.AuditLogger - INFO - NODE_EXEC: workflow=1a5b5a67-1977-4c24-94ec-5016e2c4ebe8, node_id=5f5742a2-c2c6-49bc-9382-c8235535ed42, name=Secure Processor, status=success, duration=0.0s
2025-10-08 02:48:49,809 - backend.node_engine.security_manager.AuditLogger - INFO - WORKFLOW_END: id=1a5b5a67-1977-4c24-94ec-5016e2c4ebe8, status=completed, duration=0.111326s, user=security_test_user
2025-10-08 02:48:49,810 - backend.node_engine.security_manager.AuditLogger - INFO - WORKFLOW_START: id=06190ff6-9d44-4ff3-ae8e-9a66bbf49085, name=Concurrent Workflow 0, user=concurrent_user_0
2025-10-08 02:48:49,811 - backend.node_engine.security_manager.AuditLogger - INFO - WORKFLOW_START: id=ef6a85fd-d4f8-4218-b140-ec40d61090fe, name=Concurrent Workflow 1, user=concurrent_user_1
2025-10-08 02:48:49,811 - backend.node_engine.security_manager.AuditLogger - INFO - WORKFLOW_START: id=f14cef13-c4d8-4982-aa59-e709124f1bb7, name=Concurrent Workflow 2, user=concurrent_user_2
2025-10-08 02:48:49,812 - backend.node_engine.security_manager.AuditLogger - INFO - WORKFLOW_START: id=33624190-e7c5-47a1-bf4f-a5d2651fc598, name=Concurrent Workflow 3, user=concurrent_user_3
2025-10-08 02:48:49,924 - backend.node_engine.security_manager.AuditLogger - INFO - NODE_EXEC: workflow=06190ff6-9d44-4ff3-ae8e-9a66bbf49085, node_id=9296d8ad-b287-409c-bbb5-40a500ae24de, name=Source 0, status=success, duration=0.113931s
2025-10-08 02:48:49,925 - backend.node_engine.security_manager.AuditLogger - INFO - NODE_EXEC: workflow=06190ff6-9d44-4ff3-ae8e-9a66bbf49085, node_id=5031afd3-a53c-4da7-bf49-f3bce81b059c, name=Proc 0, status=success, duration=0.001014s
2025-10-08 02:48:49,926 - backend.node_engine.security_manager.AuditLogger - INFO - WORKFLOW_END: id=06190ff6-9d44-4ff3-ae8e-9a66bbf49085, status=completed, duration=0.116595s, user=concurrent_user_0
2025-10-08 02:48:49,929 - backend.node_engine.security_manager.AuditLogger - INFO - NODE_EXEC: workflow=ef6a85fd-d4f8-4218-b140-ec40d61090fe, node_id=295e314e-459b-4390-9fee-cd5afea753a9, name=Source 1, status=success, duration=0.117963s
2025-10-08 02:48:49,930 - backend.node_engine.security_manager.AuditLogger - INFO - NODE_EXEC: workflow=ef6a85fd-d4f8-4218-b140-ec40d61090fe, node_id=e3e114f4-caa5-4bad-96c8-8628caef3be9, name=Proc 1, status=success, duration=0.0s
2025-10-08 02:48:49,930 - backend.node_engine.security_manager.AuditLogger - INFO - WORKFLOW_END: id=ef6a85fd-d4f8-4218-b140-ec40d61090fe, status=completed, duration=0.11885s, user=concurrent_user_1
2025-10-08 02:48:49,931 - backend.node_engine.security_manager.AuditLogger - INFO - NODE_EXEC: workflow=f14cef13-c4d8-4982-aa59-e709124f1bb7, node_id=c681dfe3-1ce6-4011-9a2c-beb21759be63, name=Source 2, status=success, duration=0.118966s
2025-10-08 02:48:49,932 - backend.node_engine.security_manager.AuditLogger - INFO - NODE_EXEC: workflow=f14cef13-c4d8-4982-aa59-e709124f1bb7, node_id=5a4acb61-f793-423e-87e9-0222c3993e5e, name=Proc 2, status=success, duration=0.0s
2025-10-08 02:48:49,932 - backend.node_engine.security_manager.AuditLogger - INFO - WORKFLOW_END: id=f14cef13-c4d8-4982-aa59-e709124f1bb7, status=completed, duration=0.119492s, user=concurrent_user_2
2025-10-08 02:48:49,934 - backend.node_engine.security_manager.AuditLogger - INFO - NODE_EXEC: workflow=33624190-e7c5-47a1-bf4f-a5d2651fc598, node_id=69046d69-c1ad-464d-92fe-e381a848ac98, name=Source 3, status=success, duration=0.11799s
2025-10-08 02:48:49,939 - backend.node_engine.security_manager.AuditLogger - INFO - NODE_EXEC: workflow=33624190-e7c5-47a1-bf4f-a5d2651fc598, node_id=d6106e95-ca0e-41ac-9aa4-c79a8d13242f, name=Proc 3, status=success, duration=0.0s
2025-10-08 02:48:49,940 - backend.node_engine.security_manager.AuditLogger - INFO - WORKFLOW_END: id=33624190-e7c5-47a1-bf4f-a5d2651fc598, status=completed, duration=0.126945s, user=concurrent_user_3
2025-10-08 02:48:49,941 - backend.node_engine.security_manager.AuditLogger - INFO - WORKFLOW_START: id=6ee22008-1232-43bd-a33c-ae398e13b407, name=Resource Test 0, user=resource_user_0
2025-10-08 02:48:50,057 - backend.node_engine.security_manager.AuditLogger - INFO - NODE_EXEC: workflow=6ee22008-1232-43bd-a33c-ae398e13b407, node_id=52eb299c-c187-4313-a46b-aa9c1a79d4c6, name=RS 0, status=success, duration=0.113419s
2025-10-08 02:48:50,060 - backend.node_engine.security_manager.AuditLogger - INFO - WORKFLOW_END: id=6ee22008-1232-43bd-a33c-ae398e13b407, status=completed, duration=0.116957s, user=resource_user_0
2025-10-08 02:48:50,060 - backend.node_engine.security_manager.AuditLogger - INFO - WORKFLOW_START: id=07ce07e5-fd77-4f46-ab58-7069ca60bf6a, name=Resource Test 1, user=resource_user_1
2025-10-08 02:48:50,164 - backend.node_engine.security_manager.AuditLogger - INFO - NODE_EXEC: workflow=07ce07e5-fd77-4f46-ab58-7069ca60bf6a, node_id=2e10e805-da7a-4948-80dd-81374ad3e16a, name=RS 1, status=success, duration=0.102685s
2025-10-08 02:48:50,175 - backend.node_engine.security_manager.AuditLogger - INFO - WORKFLOW_END: id=07ce07e5-fd77-4f46-ab58-7069ca60bf6a, status=completed, duration=0.113889s, user=resource_user_1
2025-10-08 02:48:50,177 - backend.node_engine.security_manager.AuditLogger - INFO - WORKFLOW_START: id=8e8a8a52-a68d-4f82-b62c-1179e2fcda2d, name=Resource Test 2, user=resource_user_2
2025-10-08 02:48:50,290 - backend.node_engine.security_manager.AuditLogger - INFO - NODE_EXEC: workflow=8e8a8a52-a68d-4f82-b62c-1179e2fcda2d, node_id=8e96231d-d27e-43c5-9d10-4d4d73bbedeb, name=RS 2, status=success, duration=0.112106s
2025-10-08 02:48:50,291 - backend.node_engine.security_manager.AuditLogger - INFO - WORKFLOW_END: id=8e8a8a52-a68d-4f82-b62c-1179e2fcda2d, status=completed, duration=0.112993s, user=resource_user_2
2025-10-08 02:50:18,503 - backend.node_engine.security_manager.AuditLogger - INFO - WORKFLOW_START: id=1fff7589-6a56-43a1-a339-249d087de4f8, name=Complete Email Processing Pipeline, user=integration_tester
2025-10-08 02:50:18,621 - backend.node_engine.security_manager.AuditLogger - INFO - NODE_EXEC: workflow=1fff7589-6a56-43a1-a339-249d087de4f8, node_id=9503932e-03a2-4356-b025-05d533240a4e, name=Gmail Source, status=success, duration=0.11709s
2025-10-08 02:50:18,622 - backend.node_engine.security_manager.AuditLogger - INFO - NODE_EXEC: workflow=1fff7589-6a56-43a1-a339-249d087de4f8, node_id=261f1c87-7cc2-4e4f-975d-d0e61d330572, name=Email Preprocessor, status=success, duration=0.0s
2025-10-08 02:50:18,622 - backend.node_engine.security_manager.AuditLogger - INFO - NODE_EXEC: workflow=1fff7589-6a56-43a1-a339-249d087de4f8, node_id=dfcf064c-a446-4633-ad09-38608e08903b, name=AI Analyzer, status=success, duration=0.0s
2025-10-08 02:50:18,634 - backend.node_engine.security_manager.AuditLogger - INFO - WORKFLOW_END: id=1fff7589-6a56-43a1-a339-249d087de4f8, status=failed, duration=0.126827s, user=integration_tester
2025-10-08 02:50:18,723 - backend.node_engine.security_manager.AuditLogger - INFO - WORKFLOW_START: id=4d19387e-1443-48ca-9bf0-ca39a3755e0a, name=Email Processing Pipeline, user=persistence_tester
2025-10-08 02:50:18,849 - backend.node_engine.security_manager.AuditLogger - INFO - NODE_EXEC: workflow=4d19387e-1443-48ca-9bf0-ca39a3755e0a, node_id=f21c3191-d3f1-4c45-b2dc-054d821a1f51, name=Email Source, status=success, duration=0.117288s
2025-10-08 02:50:18,849 - backend.node_engine.security_manager.AuditLogger - INFO - NODE_EXEC: workflow=4d19387e-1443-48ca-9bf0-ca39a3755e0a, node_id=8ab0f425-3a1b-4a49-a559-595938f08b90, name=Email Preprocessor, status=success, duration=0.0s
2025-10-08 02:50:18,851 - backend.node_engine.security_manager.AuditLogger - INFO - NODE_EXEC: workflow=4d19387e-1443-48ca-9bf0-ca39a3755e0a, node_id=970330bc-9130-43e1-b1cf-f1ba8bccf971, name=AI Analyzer, status=success, duration=0.0s
2025-10-08 02:50:18,852 - backend.node_engine.security_manager.AuditLogger - INFO - WORKFLOW_END: id=4d19387e-1443-48ca-9bf0-ca39a3755e0a, status=failed, duration=0.120354s, user=persistence_tester
2025-10-08 02:50:18,856 - backend.node_engine.security_manager.AuditLogger - INFO - WORKFLOW_START: id=bdab0ed5-42c6-436a-b778-bb81c6f856a7, name=Security Enforcement Test, user=security_test_user
2025-10-08 02:50:18,987 - backend.node_engine.security_manager.AuditLogger - INFO - NODE_EXEC: workflow=bdab0ed5-42c6-436a-b778-bb81c6f856a7, node_id=e000c0b3-3b3f-4119-b0f7-280ccb0bc0f7, name=Secure Source, status=success, duration=0.120524s
2025-10-08 02:50:18,988 - backend.node_engine.security_manager.AuditLogger - INFO - NODE_EXEC: workflow=bdab0ed5-42c6-436a-b778-bb81c6f856a7, node_id=9656a2da-52ad-40f0-b765-d6ebf9fea82e, name=Secure Processor, status=success, duration=0.0s
2025-10-08 02:50:18,988 - backend.node_engine.security_manager.AuditLogger - INFO - WORKFLOW_END: id=bdab0ed5-42c6-436a-b778-bb81c6f856a7, status=completed, duration=0.12154s, user=security_test_user
2025-10-08 02:50:19,000 - backend.node_engine.security_manager.AuditLogger - INFO - WORKFLOW_START: id=62d527dc-cab9-49ac-8eb6-5f55ebbd4a42, name=Concurrent Workflow 0, user=concurrent_user_0
2025-10-08 02:50:19,003 - backend.node_engine.security_manager.AuditLogger - INFO - WORKFLOW_START: id=15d69d80-0062-4226-9a8b-53516df0c1d9, name=Concurrent Workflow 1, user=concurrent_user_1
2025-10-08 02:50:19,003 - backend.node_engine.security_manager.AuditLogger - INFO - WORKFLOW_START: id=1c5cae4b-6a24-4c23-a228-31d7a2dc2554, name=Concurrent Workflow 2, user=concurrent_user_2
2025-10-08 02:50:19,003 - backend.node_engine.security_manager.AuditLogger - INFO - WORKFLOW_START: id=52913f6f-5483-41c7-8030-72f32259c451, name=Concurrent Workflow 3, user=concurrent_user_3
2025-10-08 02:50:19,119 - backend.node_engine.security_manager.AuditLogger - INFO - NODE_EXEC: workflow=62d527dc-cab9-49ac-8eb6-5f55ebbd4a42, node_id=fe9a2450-9c72-49e6-a965-2f6c90add697, name=Source 0, status=success, duration=0.116592s
2025-10-08 02:50:19,121 - backend.node_engine.security_manager.AuditLogger - INFO - NODE_EXEC: workflow=62d527dc-cab9-49ac-8eb6-5f55ebbd4a42, node_id=69c52b0b-ed33-45a9-b7aa-b62148ba7669, name=Proc 0, status=success, duration=0.0s
2025-10-08 02:50:19,121 - backend.node_engine.security_manager.AuditLogger - INFO - WORKFLOW_END: id=62d527dc-cab9-49ac-8eb6-5f55ebbd4a42, status=completed, duration=0.118611s, user=concurrent_user_0
2025-10-08 02:50:19,122 - backend.node_engine.security_manager.AuditLogger - INFO - NODE_EXEC: workflow=1c5cae4b-6a24-4c23-a228-31d7a2dc2554, node_id=dcd9862c-08f6-45b4-b06e-a86c1eb9a4e0, name=Source 2, status=success, duration=0.119115s
2025-10-08 02:50:19,130 - backend.node_engine.security_manager.AuditLogger - INFO - NODE_EXEC: workflow=1c5cae4b-6a24-4c23-a228-31d7a2dc2554, node_id=42bf63e2-d315-4b66-a2dd-fa530aaecc98, name=Proc 2, status=success, duration=0.0s
2025-10-08 02:50:19,132 - backend.node_engine.security_manager.AuditLogger - INFO - WORKFLOW_END: id=1c5cae4b-6a24-4c23-a228-31d7a2dc2554, status=completed, duration=0.127209s, user=concurrent_user_2
2025-10-08 02:50:19,132 - backend.node_engine.security_manager.AuditLogger - INFO - NODE_EXEC: workflow=15d69d80-0062-4226-9a8b-53516df0c1d9, node_id=38d3aa0c-dd61-4586-af48-021cdec5deea, name=Source 1, status=success, duration=0.12923s
2025-10-08 02:50:19,134 - backend.node_engine.security_manager.AuditLogger - INFO - NODE_EXEC: workflow=15d69d80-0062-4226-9a8b-53516df0c1d9, node_id=acc778b6-9523-44a1-af91-0d185f31370c, name=Proc 1, status=success, duration=0.0s
2025-10-08 02:50:19,135 - backend.node_engine.security_manager.AuditLogger - INFO - WORKFLOW_END: id=15d69d80-0062-4226-9a8b-53516df0c1d9, status=completed, duration=0.131537s, user=concurrent_user_1
2025-10-08 02:50:19,135 - backend.node_engine.security_manager.AuditLogger - INFO - NODE_EXEC: workflow=52913f6f-5483-41c7-8030-72f32259c451, node_id=49b63923-0446-4b54-b10b-656c2bf4fdd1, name=Source 3, status=success, duration=0.117756s
2025-10-08 02:50:19,137 - backend.node_engine.security_manager.AuditLogger - INFO - NODE_EXEC: workflow=52913f6f-5483-41c7-8030-72f32259c451, node_id=f9bc16ca-4d08-414f-a458-faeaeb3b25e7, name=Proc 3, status=success, duration=0.002036s
2025-10-08 02:50:19,137 - backend.node_engine.security_manager.AuditLogger - INFO - WORKFLOW_END: id=52913f6f-5483-41c7-8030-72f32259c451, status=completed, duration=0.133573s, user=concurrent_user_3
2025-10-08 02:50:19,139 - backend.node_engine.security_manager.AuditLogger - INFO - WORKFLOW_START: id=c59ff693-9200-472b-97da-e7fdc6a97124, name=Resource Test 0, user=resource_user_0
2025-10-08 02:50:19,250 - backend.node_engine.security_manager.AuditLogger - INFO - NODE_EXEC: workflow=c59ff693-9200-472b-97da-e7fdc6a97124, node_id=6b8a15f4-1098-44de-9ea7-39f36385f65d, name=RS 0, status=success, duration=0.110963s
2025-10-08 02:50:19,251 - backend.node_engine.security_manager.AuditLogger - INFO - WORKFLOW_END: id=c59ff693-9200-472b-97da-e7fdc6a97124, status=completed, duration=0.112333s, user=resource_user_0
2025-10-08 02:50:19,251 - backend.node_engine.security_manager.AuditLogger - INFO - WORKFLOW_START: id=4e8ebc9b-9398-4570-9725-d43f39572386, name=Resource Test 1, user=resource_user_1
2025-10-08 02:50:19,383 - backend.node_engine.security_manager.AuditLogger - INFO - NODE_EXEC: workflow=4e8ebc9b-9398-4570-9725-d43f39572386, node_id=e768db6f-0752-476f-9020-514ef9719beb, name=RS 1, status=success, duration=0.129918s
2025-10-08 02:50:19,385 - backend.node_engine.security_manager.AuditLogger - INFO - WORKFLOW_END: id=4e8ebc9b-9398-4570-9725-d43f39572386, status=completed, duration=0.131932s, user=resource_user_1
2025-10-08 02:50:19,385 - backend.node_engine.security_manager.AuditLogger - INFO - WORKFLOW_START: id=72850ffb-7194-4e3d-8f42-f5411714d5a2, name=Resource Test 2, user=resource_user_2
2025-10-08 02:50:19,533 - backend.node_engine.security_manager.AuditLogger - INFO - NODE_EXEC: workflow=72850ffb-7194-4e3d-8f42-f5411714d5a2, node_id=566cddcb-0b2f-448e-9f1b-e1a9c9f22171, name=RS 2, status=success, duration=0.147415s
2025-10-08 02:50:19,533 - backend.node_engine.security_manager.AuditLogger - INFO - WORKFLOW_END: id=72850ffb-7194-4e3d-8f42-f5411714d5a2, status=completed, duration=0.147948s, user=resource_user_2
